<?xml version="1.0" encoding="UTF-8"?>
<!-- Generated by org.testng.reporters.JUnitReportReporter -->
<testsuite skipped="0" hostname="DESKTOP-Q8RNTEC" name="resonancia.bigbasket.homepagetests.LoginPageTests" tests="2" failures="0" timestamp="09 Jun 2020 08:28:40 GMT" time="0.611" errors="0">
  <testcase name="validateLoginPageLogoIsVisible" time="0.496" classname="resonancia.bigbasket.homepagetests.LoginPageTests"/>
  <testcase name="validateSupportNumberIsDisplayed" time="0.115" classname="resonancia.bigbasket.homepagetests.LoginPageTests"/>
</testsuite> <!-- resonancia.bigbasket.homepagetests.LoginPageTests -->
